2019-01-31 00:00:21,262 INFO [org.springframework.test.context.support.DefaultTestContextBootstrapper] - Loaded default TestExecutionListener class names from location [META-INF/spring.factories]: [org.springframework.test.context.web.ServletTestExecutionListener, org.springframework.test.context.support.DirtiesContextBeforeModesTestExecutionListener, org.springframework.test.context.support.DependencyInjectionTestExecutionListener, org.springframework.test.context.support.DirtiesContextTestExecutionListener, org.springframework.test.context.transaction.TransactionalTestExecutionListener, org.springframework.test.context.jdbc.SqlScriptsTestExecutionListener]
2019-01-31 00:00:21,280 INFO [org.springframework.test.context.support.DefaultTestContextBootstrapper] - Using TestExecutionListeners: [org.springframework.test.context.web.ServletTestExecutionListener@56de5251, org.springframework.test.context.support.DirtiesContextBeforeModesTestExecutionListener@419c5f1a, org.springframework.test.context.support.DependencyInjectionTestExecutionListener@12b0404f, org.springframework.test.context.support.DirtiesContextTestExecutionListener@769e7ee8, org.springframework.test.context.transaction.TransactionalTestExecutionListener@5276e6b0, org.springframework.test.context.jdbc.SqlScriptsTestExecutionListener@71b1176b]
2019-01-31 00:00:21,381 INFO [org.springframework.beans.factory.xml.XmlBeanDefinitionReader] - Loading XML bean definitions from class path resource [spring-context.xml]
2019-01-31 00:00:21,706 INFO [org.springframework.beans.factory.xml.XmlBeanDefinitionReader] - Loading XML bean definitions from class path resource [spring-context-druid.xml]
2019-01-31 00:00:21,759 INFO [org.springframework.beans.factory.xml.XmlBeanDefinitionReader] - Loading XML bean definitions from class path resource [spring-context-mybatis.xml]
2019-01-31 00:00:21,793 INFO [org.springframework.context.support.GenericApplicationContext] - Refreshing org.springframework.context.support.GenericApplicationContext@2f7298b: startup date [Thu Jan 31 00:00:21 CST 2019]; root of context hierarchy
2019-01-31 00:00:22,659 INFO [com.alibaba.druid.pool.DruidDataSource] - {dataSource-1} inited
2019-01-31 00:00:23,062 INFO [org.springframework.context.support.GenericApplicationContext] - Closing org.springframework.context.support.GenericApplicationContext@2f7298b: startup date [Thu Jan 31 00:00:21 CST 2019]; root of context hierarchy
2019-01-31 00:00:23,068 INFO [com.alibaba.druid.pool.DruidDataSource] - {dataSource-1} closed
2019-01-31 00:00:31,563 INFO [org.springframework.test.context.support.DefaultTestContextBootstrapper] - Loaded default TestExecutionListener class names from location [META-INF/spring.factories]: [org.springframework.test.context.web.ServletTestExecutionListener, org.springframework.test.context.support.DirtiesContextBeforeModesTestExecutionListener, org.springframework.test.context.support.DependencyInjectionTestExecutionListener, org.springframework.test.context.support.DirtiesContextTestExecutionListener, org.springframework.test.context.transaction.TransactionalTestExecutionListener, org.springframework.test.context.jdbc.SqlScriptsTestExecutionListener]
2019-01-31 00:00:31,581 INFO [org.springframework.test.context.support.DefaultTestContextBootstrapper] - Using TestExecutionListeners: [org.springframework.test.context.web.ServletTestExecutionListener@56de5251, org.springframework.test.context.support.DirtiesContextBeforeModesTestExecutionListener@419c5f1a, org.springframework.test.context.support.DependencyInjectionTestExecutionListener@12b0404f, org.springframework.test.context.support.DirtiesContextTestExecutionListener@769e7ee8, org.springframework.test.context.transaction.TransactionalTestExecutionListener@5276e6b0, org.springframework.test.context.jdbc.SqlScriptsTestExecutionListener@71b1176b]
2019-01-31 00:00:31,676 INFO [org.springframework.beans.factory.xml.XmlBeanDefinitionReader] - Loading XML bean definitions from class path resource [spring-context.xml]
2019-01-31 00:00:31,919 INFO [org.springframework.beans.factory.xml.XmlBeanDefinitionReader] - Loading XML bean definitions from class path resource [spring-context-druid.xml]
2019-01-31 00:00:31,972 INFO [org.springframework.beans.factory.xml.XmlBeanDefinitionReader] - Loading XML bean definitions from class path resource [spring-context-mybatis.xml]
2019-01-31 00:00:32,004 INFO [org.springframework.context.support.GenericApplicationContext] - Refreshing org.springframework.context.support.GenericApplicationContext@2f7298b: startup date [Thu Jan 31 00:00:31 CST 2019]; root of context hierarchy
2019-01-31 00:00:32,981 INFO [com.alibaba.druid.pool.DruidDataSource] - {dataSource-1} inited
2019-01-31 00:01:08,566 INFO [org.springframework.test.context.support.DefaultTestContextBootstrapper] - Loaded default TestExecutionListener class names from location [META-INF/spring.factories]: [org.springframework.test.context.web.ServletTestExecutionListener, org.springframework.test.context.support.DirtiesContextBeforeModesTestExecutionListener, org.springframework.test.context.support.DependencyInjectionTestExecutionListener, org.springframework.test.context.support.DirtiesContextTestExecutionListener, org.springframework.test.context.transaction.TransactionalTestExecutionListener, org.springframework.test.context.jdbc.SqlScriptsTestExecutionListener]
2019-01-31 00:01:08,586 INFO [org.springframework.test.context.support.DefaultTestContextBootstrapper] - Using TestExecutionListeners: [org.springframework.test.context.web.ServletTestExecutionListener@56de5251, org.springframework.test.context.support.DirtiesContextBeforeModesTestExecutionListener@419c5f1a, org.springframework.test.context.support.DependencyInjectionTestExecutionListener@12b0404f, org.springframework.test.context.support.DirtiesContextTestExecutionListener@769e7ee8, org.springframework.test.context.transaction.TransactionalTestExecutionListener@5276e6b0, org.springframework.test.context.jdbc.SqlScriptsTestExecutionListener@71b1176b]
2019-01-31 00:01:08,672 INFO [org.springframework.beans.factory.xml.XmlBeanDefinitionReader] - Loading XML bean definitions from class path resource [spring-context.xml]
2019-01-31 00:01:08,948 INFO [org.springframework.beans.factory.xml.XmlBeanDefinitionReader] - Loading XML bean definitions from class path resource [spring-context-druid.xml]
2019-01-31 00:01:09,021 INFO [org.springframework.beans.factory.xml.XmlBeanDefinitionReader] - Loading XML bean definitions from class path resource [spring-context-mybatis.xml]
2019-01-31 00:01:09,054 INFO [org.springframework.context.support.GenericApplicationContext] - Refreshing org.springframework.context.support.GenericApplicationContext@2f7298b: startup date [Thu Jan 31 00:01:09 CST 2019]; root of context hierarchy
2019-01-31 00:01:10,001 INFO [com.alibaba.druid.pool.DruidDataSource] - {dataSource-1} inited
2019-01-31 00:02:49,307 INFO [org.springframework.test.context.support.DefaultTestContextBootstrapper] - Loaded default TestExecutionListener class names from location [META-INF/spring.factories]: [org.springframework.test.context.web.ServletTestExecutionListener, org.springframework.test.context.support.DirtiesContextBeforeModesTestExecutionListener, org.springframework.test.context.support.DependencyInjectionTestExecutionListener, org.springframework.test.context.support.DirtiesContextTestExecutionListener, org.springframework.test.context.transaction.TransactionalTestExecutionListener, org.springframework.test.context.jdbc.SqlScriptsTestExecutionListener]
2019-01-31 00:02:49,325 INFO [org.springframework.test.context.support.DefaultTestContextBootstrapper] - Using TestExecutionListeners: [org.springframework.test.context.web.ServletTestExecutionListener@56de5251, org.springframework.test.context.support.DirtiesContextBeforeModesTestExecutionListener@419c5f1a, org.springframework.test.context.support.DependencyInjectionTestExecutionListener@12b0404f, org.springframework.test.context.support.DirtiesContextTestExecutionListener@769e7ee8, org.springframework.test.context.transaction.TransactionalTestExecutionListener@5276e6b0, org.springframework.test.context.jdbc.SqlScriptsTestExecutionListener@71b1176b]
2019-01-31 00:02:49,409 INFO [org.springframework.beans.factory.xml.XmlBeanDefinitionReader] - Loading XML bean definitions from class path resource [spring-context.xml]
2019-01-31 00:02:49,685 INFO [org.springframework.beans.factory.xml.XmlBeanDefinitionReader] - Loading XML bean definitions from class path resource [spring-context-druid.xml]
2019-01-31 00:02:49,738 INFO [org.springframework.beans.factory.xml.XmlBeanDefinitionReader] - Loading XML bean definitions from class path resource [spring-context-mybatis.xml]
2019-01-31 00:02:49,774 INFO [org.springframework.context.support.GenericApplicationContext] - Refreshing org.springframework.context.support.GenericApplicationContext@2f7298b: startup date [Thu Jan 31 00:02:49 CST 2019]; root of context hierarchy
2019-01-31 00:02:50,613 INFO [com.alibaba.druid.pool.DruidDataSource] - {dataSource-1} inited
2019-01-31 00:03:02,320 INFO [org.springframework.context.support.GenericApplicationContext] - Closing org.springframework.context.support.GenericApplicationContext@2f7298b: startup date [Thu Jan 31 00:02:49 CST 2019]; root of context hierarchy
2019-01-31 00:03:02,326 INFO [com.alibaba.druid.pool.DruidDataSource] - {dataSource-1} closed
2019-01-31 00:03:27,275 INFO [org.springframework.context.support.GenericApplicationContext] - Closing org.springframework.context.support.GenericApplicationContext@2f7298b: startup date [Thu Jan 31 00:01:09 CST 2019]; root of context hierarchy
2019-01-31 00:03:27,281 INFO [com.alibaba.druid.pool.DruidDataSource] - {dataSource-1} closed
2019-01-31 00:03:29,795 INFO [org.springframework.beans.factory.xml.XmlBeanDefinitionReader] - Loading XML bean definitions from class path resource [org/springframework/jdbc/support/sql-error-codes.xml]
2019-01-31 00:03:29,806 INFO [org.springframework.context.support.GenericApplicationContext] - Closing org.springframework.context.support.GenericApplicationContext@2f7298b: startup date [Thu Jan 31 00:00:31 CST 2019]; root of context hierarchy
2019-01-31 00:03:29,813 INFO [com.alibaba.druid.pool.DruidDataSource] - {dataSource-1} closed
2019-01-31 00:03:39,691 INFO [org.springframework.test.context.support.DefaultTestContextBootstrapper] - Loaded default TestExecutionListener class names from location [META-INF/spring.factories]: [org.springframework.test.context.web.ServletTestExecutionListener, org.springframework.test.context.support.DirtiesContextBeforeModesTestExecutionListener, org.springframework.test.context.support.DependencyInjectionTestExecutionListener, org.springframework.test.context.support.DirtiesContextTestExecutionListener, org.springframework.test.context.transaction.TransactionalTestExecutionListener, org.springframework.test.context.jdbc.SqlScriptsTestExecutionListener]
2019-01-31 00:03:39,708 INFO [org.springframework.test.context.support.DefaultTestContextBootstrapper] - Using TestExecutionListeners: [org.springframework.test.context.web.ServletTestExecutionListener@56de5251, org.springframework.test.context.support.DirtiesContextBeforeModesTestExecutionListener@419c5f1a, org.springframework.test.context.support.DependencyInjectionTestExecutionListener@12b0404f, org.springframework.test.context.support.DirtiesContextTestExecutionListener@769e7ee8, org.springframework.test.context.transaction.TransactionalTestExecutionListener@5276e6b0, org.springframework.test.context.jdbc.SqlScriptsTestExecutionListener@71b1176b]
2019-01-31 00:03:39,788 INFO [org.springframework.beans.factory.xml.XmlBeanDefinitionReader] - Loading XML bean definitions from class path resource [spring-context.xml]
2019-01-31 00:03:40,017 INFO [org.springframework.beans.factory.xml.XmlBeanDefinitionReader] - Loading XML bean definitions from class path resource [spring-context-druid.xml]
2019-01-31 00:03:40,061 INFO [org.springframework.beans.factory.xml.XmlBeanDefinitionReader] - Loading XML bean definitions from class path resource [spring-context-mybatis.xml]
2019-01-31 00:03:40,092 INFO [org.springframework.context.support.GenericApplicationContext] - Refreshing org.springframework.context.support.GenericApplicationContext@2f7298b: startup date [Thu Jan 31 00:03:40 CST 2019]; root of context hierarchy
2019-01-31 00:03:41,097 INFO [com.alibaba.druid.pool.DruidDataSource] - {dataSource-1} inited
2019-01-31 00:03:41,555 INFO [org.springframework.context.support.GenericApplicationContext] - Closing org.springframework.context.support.GenericApplicationContext@2f7298b: startup date [Thu Jan 31 00:03:40 CST 2019]; root of context hierarchy
2019-01-31 00:03:41,566 INFO [com.alibaba.druid.pool.DruidDataSource] - {dataSource-1} closed
2019-01-31 00:04:08,457 INFO [org.springframework.test.context.support.DefaultTestContextBootstrapper] - Loaded default TestExecutionListener class names from location [META-INF/spring.factories]: [org.springframework.test.context.web.ServletTestExecutionListener, org.springframework.test.context.support.DirtiesContextBeforeModesTestExecutionListener, org.springframework.test.context.support.DependencyInjectionTestExecutionListener, org.springframework.test.context.support.DirtiesContextTestExecutionListener, org.springframework.test.context.transaction.TransactionalTestExecutionListener, org.springframework.test.context.jdbc.SqlScriptsTestExecutionListener]
2019-01-31 00:04:08,475 INFO [org.springframework.test.context.support.DefaultTestContextBootstrapper] - Using TestExecutionListeners: [org.springframework.test.context.web.ServletTestExecutionListener@56de5251, org.springframework.test.context.support.DirtiesContextBeforeModesTestExecutionListener@419c5f1a, org.springframework.test.context.support.DependencyInjectionTestExecutionListener@12b0404f, org.springframework.test.context.support.DirtiesContextTestExecutionListener@769e7ee8, org.springframework.test.context.transaction.TransactionalTestExecutionListener@5276e6b0, org.springframework.test.context.jdbc.SqlScriptsTestExecutionListener@71b1176b]
2019-01-31 00:04:08,555 INFO [org.springframework.beans.factory.xml.XmlBeanDefinitionReader] - Loading XML bean definitions from class path resource [spring-context.xml]
2019-01-31 00:04:08,790 INFO [org.springframework.beans.factory.xml.XmlBeanDefinitionReader] - Loading XML bean definitions from class path resource [spring-context-druid.xml]
2019-01-31 00:04:08,834 INFO [org.springframework.beans.factory.xml.XmlBeanDefinitionReader] - Loading XML bean definitions from class path resource [spring-context-mybatis.xml]
2019-01-31 00:04:08,860 INFO [org.springframework.context.support.GenericApplicationContext] - Refreshing org.springframework.context.support.GenericApplicationContext@2f7298b: startup date [Thu Jan 31 00:04:08 CST 2019]; root of context hierarchy
2019-01-31 00:04:09,793 INFO [com.alibaba.druid.pool.DruidDataSource] - {dataSource-1} inited
2019-01-31 00:04:10,222 INFO [org.springframework.context.support.GenericApplicationContext] - Closing org.springframework.context.support.GenericApplicationContext@2f7298b: startup date [Thu Jan 31 00:04:08 CST 2019]; root of context hierarchy
2019-01-31 00:04:10,228 INFO [com.alibaba.druid.pool.DruidDataSource] - {dataSource-1} closed
2019-01-31 00:04:25,111 INFO [org.springframework.test.context.support.DefaultTestContextBootstrapper] - Loaded default TestExecutionListener class names from location [META-INF/spring.factories]: [org.springframework.test.context.web.ServletTestExecutionListener, org.springframework.test.context.support.DirtiesContextBeforeModesTestExecutionListener, org.springframework.test.context.support.DependencyInjectionTestExecutionListener, org.springframework.test.context.support.DirtiesContextTestExecutionListener, org.springframework.test.context.transaction.TransactionalTestExecutionListener, org.springframework.test.context.jdbc.SqlScriptsTestExecutionListener]
2019-01-31 00:04:25,132 INFO [org.springframework.test.context.support.DefaultTestContextBootstrapper] - Using TestExecutionListeners: [org.springframework.test.context.web.ServletTestExecutionListener@56de5251, org.springframework.test.context.support.DirtiesContextBeforeModesTestExecutionListener@419c5f1a, org.springframework.test.context.support.DependencyInjectionTestExecutionListener@12b0404f, org.springframework.test.context.support.DirtiesContextTestExecutionListener@769e7ee8, org.springframework.test.context.transaction.TransactionalTestExecutionListener@5276e6b0, org.springframework.test.context.jdbc.SqlScriptsTestExecutionListener@71b1176b]
2019-01-31 00:04:25,215 INFO [org.springframework.beans.factory.xml.XmlBeanDefinitionReader] - Loading XML bean definitions from class path resource [spring-context.xml]
2019-01-31 00:04:25,440 INFO [org.springframework.beans.factory.xml.XmlBeanDefinitionReader] - Loading XML bean definitions from class path resource [spring-context-druid.xml]
2019-01-31 00:04:25,494 INFO [org.springframework.beans.factory.xml.XmlBeanDefinitionReader] - Loading XML bean definitions from class path resource [spring-context-mybatis.xml]
2019-01-31 00:04:25,528 INFO [org.springframework.context.support.GenericApplicationContext] - Refreshing org.springframework.context.support.GenericApplicationContext@2f7298b: startup date [Thu Jan 31 00:04:25 CST 2019]; root of context hierarchy
2019-01-31 00:04:26,424 INFO [com.alibaba.druid.pool.DruidDataSource] - {dataSource-1} inited
2019-01-31 00:05:09,265 INFO [org.springframework.context.support.GenericApplicationContext] - Closing org.springframework.context.support.GenericApplicationContext@2f7298b: startup date [Thu Jan 31 00:04:25 CST 2019]; root of context hierarchy
2019-01-31 00:05:09,270 INFO [com.alibaba.druid.pool.DruidDataSource] - {dataSource-1} closed
2019-01-31 00:05:11,571 INFO [org.springframework.test.context.support.DefaultTestContextBootstrapper] - Loaded default TestExecutionListener class names from location [META-INF/spring.factories]: [org.springframework.test.context.web.ServletTestExecutionListener, org.springframework.test.context.support.DirtiesContextBeforeModesTestExecutionListener, org.springframework.test.context.support.DependencyInjectionTestExecutionListener, org.springframework.test.context.support.DirtiesContextTestExecutionListener, org.springframework.test.context.transaction.TransactionalTestExecutionListener, org.springframework.test.context.jdbc.SqlScriptsTestExecutionListener]
2019-01-31 00:05:11,592 INFO [org.springframework.test.context.support.DefaultTestContextBootstrapper] - Using TestExecutionListeners: [org.springframework.test.context.web.ServletTestExecutionListener@56de5251, org.springframework.test.context.support.DirtiesContextBeforeModesTestExecutionListener@419c5f1a, org.springframework.test.context.support.DependencyInjectionTestExecutionListener@12b0404f, org.springframework.test.context.support.DirtiesContextTestExecutionListener@769e7ee8, org.springframework.test.context.transaction.TransactionalTestExecutionListener@5276e6b0, org.springframework.test.context.jdbc.SqlScriptsTestExecutionListener@71b1176b]
2019-01-31 00:05:11,681 INFO [org.springframework.beans.factory.xml.XmlBeanDefinitionReader] - Loading XML bean definitions from class path resource [spring-context.xml]
2019-01-31 00:05:11,975 INFO [org.springframework.beans.factory.xml.XmlBeanDefinitionReader] - Loading XML bean definitions from class path resource [spring-context-druid.xml]
2019-01-31 00:05:12,031 INFO [org.springframework.beans.factory.xml.XmlBeanDefinitionReader] - Loading XML bean definitions from class path resource [spring-context-mybatis.xml]
2019-01-31 00:05:12,064 INFO [org.springframework.context.support.GenericApplicationContext] - Refreshing org.springframework.context.support.GenericApplicationContext@2f7298b: startup date [Thu Jan 31 00:05:12 CST 2019]; root of context hierarchy
2019-01-31 00:05:12,906 INFO [com.alibaba.druid.pool.DruidDataSource] - {dataSource-1} inited
2019-01-31 00:05:19,399 INFO [org.springframework.context.support.GenericApplicationContext] - Closing org.springframework.context.support.GenericApplicationContext@2f7298b: startup date [Thu Jan 31 00:05:12 CST 2019]; root of context hierarchy
2019-01-31 00:05:19,407 INFO [com.alibaba.druid.pool.DruidDataSource] - {dataSource-1} closed
2019-01-31 00:05:46,140 INFO [org.springframework.test.context.support.DefaultTestContextBootstrapper] - Loaded default TestExecutionListener class names from location [META-INF/spring.factories]: [org.springframework.test.context.web.ServletTestExecutionListener, org.springframework.test.context.support.DirtiesContextBeforeModesTestExecutionListener, org.springframework.test.context.support.DependencyInjectionTestExecutionListener, org.springframework.test.context.support.DirtiesContextTestExecutionListener, org.springframework.test.context.transaction.TransactionalTestExecutionListener, org.springframework.test.context.jdbc.SqlScriptsTestExecutionListener]
2019-01-31 00:05:46,159 INFO [org.springframework.test.context.support.DefaultTestContextBootstrapper] - Using TestExecutionListeners: [org.springframework.test.context.web.ServletTestExecutionListener@56de5251, org.springframework.test.context.support.DirtiesContextBeforeModesTestExecutionListener@419c5f1a, org.springframework.test.context.support.DependencyInjectionTestExecutionListener@12b0404f, org.springframework.test.context.support.DirtiesContextTestExecutionListener@769e7ee8, org.springframework.test.context.transaction.TransactionalTestExecutionListener@5276e6b0, org.springframework.test.context.jdbc.SqlScriptsTestExecutionListener@71b1176b]
2019-01-31 00:05:46,237 INFO [org.springframework.beans.factory.xml.XmlBeanDefinitionReader] - Loading XML bean definitions from class path resource [spring-context.xml]
2019-01-31 00:05:46,491 INFO [org.springframework.beans.factory.xml.XmlBeanDefinitionReader] - Loading XML bean definitions from class path resource [spring-context-druid.xml]
2019-01-31 00:05:46,551 INFO [org.springframework.beans.factory.xml.XmlBeanDefinitionReader] - Loading XML bean definitions from class path resource [spring-context-mybatis.xml]
2019-01-31 00:05:46,584 INFO [org.springframework.context.support.GenericApplicationContext] - Refreshing org.springframework.context.support.GenericApplicationContext@2f7298b: startup date [Thu Jan 31 00:05:46 CST 2019]; root of context hierarchy
2019-01-31 00:05:47,582 INFO [com.alibaba.druid.pool.DruidDataSource] - {dataSource-1} inited
2019-01-31 00:05:48,015 INFO [org.springframework.beans.factory.xml.XmlBeanDefinitionReader] - Loading XML bean definitions from class path resource [org/springframework/jdbc/support/sql-error-codes.xml]
2019-01-31 00:05:48,040 INFO [org.springframework.jdbc.support.SQLErrorCodesFactory] - SQLErrorCodes loaded: [DB2, Derby, H2, HDB, HSQL, Informix, MS-SQL, MySQL, Oracle, PostgreSQL, Sybase]
2019-01-31 00:05:48,054 INFO [org.springframework.context.support.GenericApplicationContext] - Closing org.springframework.context.support.GenericApplicationContext@2f7298b: startup date [Thu Jan 31 00:05:46 CST 2019]; root of context hierarchy
2019-01-31 00:05:48,060 INFO [com.alibaba.druid.pool.DruidDataSource] - {dataSource-1} closed
2019-01-31 00:06:08,232 INFO [org.springframework.test.context.support.DefaultTestContextBootstrapper] - Loaded default TestExecutionListener class names from location [META-INF/spring.factories]: [org.springframework.test.context.web.ServletTestExecutionListener, org.springframework.test.context.support.DirtiesContextBeforeModesTestExecutionListener, org.springframework.test.context.support.DependencyInjectionTestExecutionListener, org.springframework.test.context.support.DirtiesContextTestExecutionListener, org.springframework.test.context.transaction.TransactionalTestExecutionListener, org.springframework.test.context.jdbc.SqlScriptsTestExecutionListener]
2019-01-31 00:06:08,249 INFO [org.springframework.test.context.support.DefaultTestContextBootstrapper] - Using TestExecutionListeners: [org.springframework.test.context.web.ServletTestExecutionListener@56de5251, org.springframework.test.context.support.DirtiesContextBeforeModesTestExecutionListener@419c5f1a, org.springframework.test.context.support.DependencyInjectionTestExecutionListener@12b0404f, org.springframework.test.context.support.DirtiesContextTestExecutionListener@769e7ee8, org.springframework.test.context.transaction.TransactionalTestExecutionListener@5276e6b0, org.springframework.test.context.jdbc.SqlScriptsTestExecutionListener@71b1176b]
2019-01-31 00:06:08,331 INFO [org.springframework.beans.factory.xml.XmlBeanDefinitionReader] - Loading XML bean definitions from class path resource [spring-context.xml]
2019-01-31 00:06:08,555 INFO [org.springframework.beans.factory.xml.XmlBeanDefinitionReader] - Loading XML bean definitions from class path resource [spring-context-druid.xml]
2019-01-31 00:06:08,622 INFO [org.springframework.beans.factory.xml.XmlBeanDefinitionReader] - Loading XML bean definitions from class path resource [spring-context-mybatis.xml]
2019-01-31 00:06:08,658 INFO [org.springframework.context.support.GenericApplicationContext] - Refreshing org.springframework.context.support.GenericApplicationContext@2f7298b: startup date [Thu Jan 31 00:06:08 CST 2019]; root of context hierarchy
2019-01-31 00:06:09,546 INFO [com.alibaba.druid.pool.DruidDataSource] - {dataSource-1} inited
2019-01-31 00:06:09,967 INFO [org.springframework.context.support.GenericApplicationContext] - Closing org.springframework.context.support.GenericApplicationContext@2f7298b: startup date [Thu Jan 31 00:06:08 CST 2019]; root of context hierarchy
2019-01-31 00:06:09,975 INFO [com.alibaba.druid.pool.DruidDataSource] - {dataSource-1} closed
2019-01-31 00:10:10,562 INFO [org.springframework.test.context.support.DefaultTestContextBootstrapper] - Loaded default TestExecutionListener class names from location [META-INF/spring.factories]: [org.springframework.test.context.web.ServletTestExecutionListener, org.springframework.test.context.support.DirtiesContextBeforeModesTestExecutionListener, org.springframework.test.context.support.DependencyInjectionTestExecutionListener, org.springframework.test.context.support.DirtiesContextTestExecutionListener, org.springframework.test.context.transaction.TransactionalTestExecutionListener, org.springframework.test.context.jdbc.SqlScriptsTestExecutionListener]
2019-01-31 00:10:10,576 INFO [org.springframework.test.context.support.DefaultTestContextBootstrapper] - Using TestExecutionListeners: [org.springframework.test.context.web.ServletTestExecutionListener@1794d431, org.springframework.test.context.support.DirtiesContextBeforeModesTestExecutionListener@42e26948, org.springframework.test.context.support.DependencyInjectionTestExecutionListener@57baeedf, org.springframework.test.context.support.DirtiesContextTestExecutionListener@343f4d3d, org.springframework.test.context.transaction.TransactionalTestExecutionListener@53b32d7, org.springframework.test.context.jdbc.SqlScriptsTestExecutionListener@5442a311]
2019-01-31 00:10:10,645 INFO [org.springframework.beans.factory.xml.XmlBeanDefinitionReader] - Loading XML bean definitions from class path resource [spring-context.xml]
2019-01-31 00:10:10,846 INFO [org.springframework.beans.factory.xml.XmlBeanDefinitionReader] - Loading XML bean definitions from class path resource [spring-context-druid.xml]
2019-01-31 00:10:10,884 INFO [org.springframework.beans.factory.xml.XmlBeanDefinitionReader] - Loading XML bean definitions from class path resource [spring-context-mybatis.xml]
2019-01-31 00:10:10,912 INFO [org.springframework.context.support.GenericApplicationContext] - Refreshing org.springframework.context.support.GenericApplicationContext@6f1fba17: startup date [Thu Jan 31 00:10:10 CST 2019]; root of context hierarchy
2019-01-31 00:10:11,848 INFO [com.alibaba.druid.pool.DruidDataSource] - {dataSource-1} inited
2019-01-31 00:10:12,218 INFO [org.springframework.context.support.GenericApplicationContext] - Closing org.springframework.context.support.GenericApplicationContext@6f1fba17: startup date [Thu Jan 31 00:10:10 CST 2019]; root of context hierarchy
2019-01-31 00:10:12,223 INFO [com.alibaba.druid.pool.DruidDataSource] - {dataSource-1} closed
2019-01-31 00:10:23,447 INFO [org.springframework.test.context.support.DefaultTestContextBootstrapper] - Loaded default TestExecutionListener class names from location [META-INF/spring.factories]: [org.springframework.test.context.web.ServletTestExecutionListener, org.springframework.test.context.support.DirtiesContextBeforeModesTestExecutionListener, org.springframework.test.context.support.DependencyInjectionTestExecutionListener, org.springframework.test.context.support.DirtiesContextTestExecutionListener, org.springframework.test.context.transaction.TransactionalTestExecutionListener, org.springframework.test.context.jdbc.SqlScriptsTestExecutionListener]
2019-01-31 00:10:23,464 INFO [org.springframework.test.context.support.DefaultTestContextBootstrapper] - Using TestExecutionListeners: [org.springframework.test.context.web.ServletTestExecutionListener@56de5251, org.springframework.test.context.support.DirtiesContextBeforeModesTestExecutionListener@419c5f1a, org.springframework.test.context.support.DependencyInjectionTestExecutionListener@12b0404f, org.springframework.test.context.support.DirtiesContextTestExecutionListener@769e7ee8, org.springframework.test.context.transaction.TransactionalTestExecutionListener@5276e6b0, org.springframework.test.context.jdbc.SqlScriptsTestExecutionListener@71b1176b]
2019-01-31 00:10:23,548 INFO [org.springframework.beans.factory.xml.XmlBeanDefinitionReader] - Loading XML bean definitions from class path resource [spring-context.xml]
2019-01-31 00:10:23,843 INFO [org.springframework.beans.factory.xml.XmlBeanDefinitionReader] - Loading XML bean definitions from class path resource [spring-context-druid.xml]
2019-01-31 00:10:23,904 INFO [org.springframework.beans.factory.xml.XmlBeanDefinitionReader] - Loading XML bean definitions from class path resource [spring-context-mybatis.xml]
2019-01-31 00:10:23,941 INFO [org.springframework.context.support.GenericApplicationContext] - Refreshing org.springframework.context.support.GenericApplicationContext@2f7298b: startup date [Thu Jan 31 00:10:23 CST 2019]; root of context hierarchy
2019-01-31 00:10:24,846 INFO [com.alibaba.druid.pool.DruidDataSource] - {dataSource-1} inited
2019-01-31 00:10:25,258 INFO [org.springframework.context.support.GenericApplicationContext] - Closing org.springframework.context.support.GenericApplicationContext@2f7298b: startup date [Thu Jan 31 00:10:23 CST 2019]; root of context hierarchy
2019-01-31 00:10:25,263 INFO [com.alibaba.druid.pool.DruidDataSource] - {dataSource-1} closed
2019-01-31 00:16:50,493 INFO [org.springframework.test.context.support.DefaultTestContextBootstrapper] - Loaded default TestExecutionListener class names from location [META-INF/spring.factories]: [org.springframework.test.context.web.ServletTestExecutionListener, org.springframework.test.context.support.DirtiesContextBeforeModesTestExecutionListener, org.springframework.test.context.support.DependencyInjectionTestExecutionListener, org.springframework.test.context.support.DirtiesContextTestExecutionListener, org.springframework.test.context.transaction.TransactionalTestExecutionListener, org.springframework.test.context.jdbc.SqlScriptsTestExecutionListener]
2019-01-31 00:16:50,510 INFO [org.springframework.test.context.support.DefaultTestContextBootstrapper] - Using TestExecutionListeners: [org.springframework.test.context.web.ServletTestExecutionListener@56de5251, org.springframework.test.context.support.DirtiesContextBeforeModesTestExecutionListener@419c5f1a, org.springframework.test.context.support.DependencyInjectionTestExecutionListener@12b0404f, org.springframework.test.context.support.DirtiesContextTestExecutionListener@769e7ee8, org.springframework.test.context.transaction.TransactionalTestExecutionListener@5276e6b0, org.springframework.test.context.jdbc.SqlScriptsTestExecutionListener@71b1176b]
2019-01-31 00:16:50,595 INFO [org.springframework.beans.factory.xml.XmlBeanDefinitionReader] - Loading XML bean definitions from class path resource [spring-context.xml]
2019-01-31 00:16:50,874 INFO [org.springframework.beans.factory.xml.XmlBeanDefinitionReader] - Loading XML bean definitions from class path resource [spring-context-druid.xml]
2019-01-31 00:16:50,933 INFO [org.springframework.beans.factory.xml.XmlBeanDefinitionReader] - Loading XML bean definitions from class path resource [spring-context-mybatis.xml]
2019-01-31 00:16:50,960 INFO [org.springframework.context.support.GenericApplicationContext] - Refreshing org.springframework.context.support.GenericApplicationContext@2f7298b: startup date [Thu Jan 31 00:16:50 CST 2019]; root of context hierarchy
2019-01-31 00:16:51,857 INFO [com.alibaba.druid.pool.DruidDataSource] - {dataSource-1} inited
2019-01-31 00:16:52,312 INFO [org.springframework.context.support.GenericApplicationContext] - Closing org.springframework.context.support.GenericApplicationContext@2f7298b: startup date [Thu Jan 31 00:16:50 CST 2019]; root of context hierarchy
2019-01-31 00:16:52,317 INFO [com.alibaba.druid.pool.DruidDataSource] - {dataSource-1} closed
2019-01-31 00:18:11,620 INFO [org.springframework.test.context.support.DefaultTestContextBootstrapper] - Loaded default TestExecutionListener class names from location [META-INF/spring.factories]: [org.springframework.test.context.web.ServletTestExecutionListener, org.springframework.test.context.support.DirtiesContextBeforeModesTestExecutionListener, org.springframework.test.context.support.DependencyInjectionTestExecutionListener, org.springframework.test.context.support.DirtiesContextTestExecutionListener, org.springframework.test.context.transaction.TransactionalTestExecutionListener, org.springframework.test.context.jdbc.SqlScriptsTestExecutionListener]
2019-01-31 00:18:11,639 INFO [org.springframework.test.context.support.DefaultTestContextBootstrapper] - Using TestExecutionListeners: [org.springframework.test.context.web.ServletTestExecutionListener@56de5251, org.springframework.test.context.support.DirtiesContextBeforeModesTestExecutionListener@419c5f1a, org.springframework.test.context.support.DependencyInjectionTestExecutionListener@12b0404f, org.springframework.test.context.support.DirtiesContextTestExecutionListener@769e7ee8, org.springframework.test.context.transaction.TransactionalTestExecutionListener@5276e6b0, org.springframework.test.context.jdbc.SqlScriptsTestExecutionListener@71b1176b]
2019-01-31 00:18:11,720 INFO [org.springframework.beans.factory.xml.XmlBeanDefinitionReader] - Loading XML bean definitions from class path resource [spring-context.xml]
2019-01-31 00:18:11,948 INFO [org.springframework.beans.factory.xml.XmlBeanDefinitionReader] - Loading XML bean definitions from class path resource [spring-context-druid.xml]
2019-01-31 00:18:11,998 INFO [org.springframework.beans.factory.xml.XmlBeanDefinitionReader] - Loading XML bean definitions from class path resource [spring-context-mybatis.xml]
2019-01-31 00:18:12,028 INFO [org.springframework.context.support.GenericApplicationContext] - Refreshing org.springframework.context.support.GenericApplicationContext@2f7298b: startup date [Thu Jan 31 00:18:12 CST 2019]; root of context hierarchy
2019-01-31 00:18:12,997 INFO [com.alibaba.druid.pool.DruidDataSource] - {dataSource-1} inited
2019-01-31 00:18:13,446 INFO [org.springframework.context.support.GenericApplicationContext] - Closing org.springframework.context.support.GenericApplicationContext@2f7298b: startup date [Thu Jan 31 00:18:12 CST 2019]; root of context hierarchy
2019-01-31 00:18:13,453 INFO [com.alibaba.druid.pool.DruidDataSource] - {dataSource-1} closed
2019-01-31 00:18:24,646 INFO [org.springframework.test.context.support.DefaultTestContextBootstrapper] - Loaded default TestExecutionListener class names from location [META-INF/spring.factories]: [org.springframework.test.context.web.ServletTestExecutionListener, org.springframework.test.context.support.DirtiesContextBeforeModesTestExecutionListener, org.springframework.test.context.support.DependencyInjectionTestExecutionListener, org.springframework.test.context.support.DirtiesContextTestExecutionListener, org.springframework.test.context.transaction.TransactionalTestExecutionListener, org.springframework.test.context.jdbc.SqlScriptsTestExecutionListener]
2019-01-31 00:18:24,665 INFO [org.springframework.test.context.support.DefaultTestContextBootstrapper] - Using TestExecutionListeners: [org.springframework.test.context.web.ServletTestExecutionListener@56de5251, org.springframework.test.context.support.DirtiesContextBeforeModesTestExecutionListener@419c5f1a, org.springframework.test.context.support.DependencyInjectionTestExecutionListener@12b0404f, org.springframework.test.context.support.DirtiesContextTestExecutionListener@769e7ee8, org.springframework.test.context.transaction.TransactionalTestExecutionListener@5276e6b0, org.springframework.test.context.jdbc.SqlScriptsTestExecutionListener@71b1176b]
2019-01-31 00:18:24,752 INFO [org.springframework.beans.factory.xml.XmlBeanDefinitionReader] - Loading XML bean definitions from class path resource [spring-context.xml]
2019-01-31 00:18:25,001 INFO [org.springframework.beans.factory.xml.XmlBeanDefinitionReader] - Loading XML bean definitions from class path resource [spring-context-druid.xml]
2019-01-31 00:18:25,054 INFO [org.springframework.beans.factory.xml.XmlBeanDefinitionReader] - Loading XML bean definitions from class path resource [spring-context-mybatis.xml]
2019-01-31 00:18:25,088 INFO [org.springframework.context.support.GenericApplicationContext] - Refreshing org.springframework.context.support.GenericApplicationContext@2f7298b: startup date [Thu Jan 31 00:18:25 CST 2019]; root of context hierarchy
2019-01-31 00:18:26,024 INFO [com.alibaba.druid.pool.DruidDataSource] - {dataSource-1} inited
2019-01-31 00:18:26,470 INFO [org.springframework.context.support.GenericApplicationContext] - Closing org.springframework.context.support.GenericApplicationContext@2f7298b: startup date [Thu Jan 31 00:18:25 CST 2019]; root of context hierarchy
2019-01-31 00:18:26,476 INFO [com.alibaba.druid.pool.DruidDataSource] - {dataSource-1} closed
2019-01-31 00:18:50,669 INFO [org.springframework.test.context.support.DefaultTestContextBootstrapper] - Loaded default TestExecutionListener class names from location [META-INF/spring.factories]: [org.springframework.test.context.web.ServletTestExecutionListener, org.springframework.test.context.support.DirtiesContextBeforeModesTestExecutionListener, org.springframework.test.context.support.DependencyInjectionTestExecutionListener, org.springframework.test.context.support.DirtiesContextTestExecutionListener, org.springframework.test.context.transaction.TransactionalTestExecutionListener, org.springframework.test.context.jdbc.SqlScriptsTestExecutionListener]
2019-01-31 00:18:50,690 INFO [org.springframework.test.context.support.DefaultTestContextBootstrapper] - Using TestExecutionListeners: [org.springframework.test.context.web.ServletTestExecutionListener@56de5251, org.springframework.test.context.support.DirtiesContextBeforeModesTestExecutionListener@419c5f1a, org.springframework.test.context.support.DependencyInjectionTestExecutionListener@12b0404f, org.springframework.test.context.support.DirtiesContextTestExecutionListener@769e7ee8, org.springframework.test.context.transaction.TransactionalTestExecutionListener@5276e6b0, org.springframework.test.context.jdbc.SqlScriptsTestExecutionListener@71b1176b]
2019-01-31 00:18:50,791 INFO [org.springframework.beans.factory.xml.XmlBeanDefinitionReader] - Loading XML bean definitions from class path resource [spring-context.xml]
2019-01-31 00:18:51,062 INFO [org.springframework.beans.factory.xml.XmlBeanDefinitionReader] - Loading XML bean definitions from class path resource [spring-context-druid.xml]
2019-01-31 00:18:51,107 INFO [org.springframework.beans.factory.xml.XmlBeanDefinitionReader] - Loading XML bean definitions from class path resource [spring-context-mybatis.xml]
2019-01-31 00:18:51,137 INFO [org.springframework.context.support.GenericApplicationContext] - Refreshing org.springframework.context.support.GenericApplicationContext@2f7298b: startup date [Thu Jan 31 00:18:51 CST 2019]; root of context hierarchy
2019-01-31 00:18:51,981 INFO [com.alibaba.druid.pool.DruidDataSource] - {dataSource-1} inited
2019-01-31 00:18:52,383 INFO [org.springframework.context.support.GenericApplicationContext] - Closing org.springframework.context.support.GenericApplicationContext@2f7298b: startup date [Thu Jan 31 00:18:51 CST 2019]; root of context hierarchy
2019-01-31 00:18:52,390 INFO [com.alibaba.druid.pool.DruidDataSource] - {dataSource-1} closed
2019-01-31 00:19:59,455 INFO [org.springframework.test.context.support.DefaultTestContextBootstrapper] - Loaded default TestExecutionListener class names from location [META-INF/spring.factories]: [org.springframework.test.context.web.ServletTestExecutionListener, org.springframework.test.context.support.DirtiesContextBeforeModesTestExecutionListener, org.springframework.test.context.support.DependencyInjectionTestExecutionListener, org.springframework.test.context.support.DirtiesContextTestExecutionListener, org.springframework.test.context.transaction.TransactionalTestExecutionListener, org.springframework.test.context.jdbc.SqlScriptsTestExecutionListener]
2019-01-31 00:19:59,473 INFO [org.springframework.test.context.support.DefaultTestContextBootstrapper] - Using TestExecutionListeners: [org.springframework.test.context.web.ServletTestExecutionListener@56de5251, org.springframework.test.context.support.DirtiesContextBeforeModesTestExecutionListener@419c5f1a, org.springframework.test.context.support.DependencyInjectionTestExecutionListener@12b0404f, org.springframework.test.context.support.DirtiesContextTestExecutionListener@769e7ee8, org.springframework.test.context.transaction.TransactionalTestExecutionListener@5276e6b0, org.springframework.test.context.jdbc.SqlScriptsTestExecutionListener@71b1176b]
2019-01-31 00:19:59,553 INFO [org.springframework.beans.factory.xml.XmlBeanDefinitionReader] - Loading XML bean definitions from class path resource [spring-context.xml]
2019-01-31 00:19:59,802 INFO [org.springframework.beans.factory.xml.XmlBeanDefinitionReader] - Loading XML bean definitions from class path resource [spring-context-druid.xml]
2019-01-31 00:19:59,860 INFO [org.springframework.beans.factory.xml.XmlBeanDefinitionReader] - Loading XML bean definitions from class path resource [spring-context-mybatis.xml]
2019-01-31 00:19:59,888 INFO [org.springframework.context.support.GenericApplicationContext] - Refreshing org.springframework.context.support.GenericApplicationContext@2f7298b: startup date [Thu Jan 31 00:19:59 CST 2019]; root of context hierarchy
2019-01-31 00:20:00,802 INFO [com.alibaba.druid.pool.DruidDataSource] - {dataSource-1} inited
2019-01-31 00:20:01,225 INFO [org.springframework.context.support.GenericApplicationContext] - Closing org.springframework.context.support.GenericApplicationContext@2f7298b: startup date [Thu Jan 31 00:19:59 CST 2019]; root of context hierarchy
2019-01-31 00:20:01,231 INFO [com.alibaba.druid.pool.DruidDataSource] - {dataSource-1} closed
2019-01-31 00:20:45,044 INFO [org.springframework.test.context.support.DefaultTestContextBootstrapper] - Loaded default TestExecutionListener class names from location [META-INF/spring.factories]: [org.springframework.test.context.web.ServletTestExecutionListener, org.springframework.test.context.support.DirtiesContextBeforeModesTestExecutionListener, org.springframework.test.context.support.DependencyInjectionTestExecutionListener, org.springframework.test.context.support.DirtiesContextTestExecutionListener, org.springframework.test.context.transaction.TransactionalTestExecutionListener, org.springframework.test.context.jdbc.SqlScriptsTestExecutionListener]
2019-01-31 00:20:45,061 INFO [org.springframework.test.context.support.DefaultTestContextBootstrapper] - Using TestExecutionListeners: [org.springframework.test.context.web.ServletTestExecutionListener@56de5251, org.springframework.test.context.support.DirtiesContextBeforeModesTestExecutionListener@419c5f1a, org.springframework.test.context.support.DependencyInjectionTestExecutionListener@12b0404f, org.springframework.test.context.support.DirtiesContextTestExecutionListener@769e7ee8, org.springframework.test.context.transaction.TransactionalTestExecutionListener@5276e6b0, org.springframework.test.context.jdbc.SqlScriptsTestExecutionListener@71b1176b]
2019-01-31 00:20:45,142 INFO [org.springframework.beans.factory.xml.XmlBeanDefinitionReader] - Loading XML bean definitions from class path resource [spring-context.xml]
2019-01-31 00:20:45,389 INFO [org.springframework.beans.factory.xml.XmlBeanDefinitionReader] - Loading XML bean definitions from class path resource [spring-context-druid.xml]
2019-01-31 00:20:45,436 INFO [org.springframework.beans.factory.xml.XmlBeanDefinitionReader] - Loading XML bean definitions from class path resource [spring-context-mybatis.xml]
2019-01-31 00:20:45,469 INFO [org.springframework.context.support.GenericApplicationContext] - Refreshing org.springframework.context.support.GenericApplicationContext@2f7298b: startup date [Thu Jan 31 00:20:45 CST 2019]; root of context hierarchy
2019-01-31 00:20:46,438 INFO [com.alibaba.druid.pool.DruidDataSource] - {dataSource-1} inited
2019-01-31 00:20:46,879 INFO [org.springframework.context.support.GenericApplicationContext] - Closing org.springframework.context.support.GenericApplicationContext@2f7298b: startup date [Thu Jan 31 00:20:45 CST 2019]; root of context hierarchy
2019-01-31 00:20:46,887 INFO [com.alibaba.druid.pool.DruidDataSource] - {dataSource-1} closed
2019-01-31 00:21:32,201 INFO [org.springframework.test.context.support.DefaultTestContextBootstrapper] - Loaded default TestExecutionListener class names from location [META-INF/spring.factories]: [org.springframework.test.context.web.ServletTestExecutionListener, org.springframework.test.context.support.DirtiesContextBeforeModesTestExecutionListener, org.springframework.test.context.support.DependencyInjectionTestExecutionListener, org.springframework.test.context.support.DirtiesContextTestExecutionListener, org.springframework.test.context.transaction.TransactionalTestExecutionListener, org.springframework.test.context.jdbc.SqlScriptsTestExecutionListener]
2019-01-31 00:21:32,219 INFO [org.springframework.test.context.support.DefaultTestContextBootstrapper] - Using TestExecutionListeners: [org.springframework.test.context.web.ServletTestExecutionListener@56de5251, org.springframework.test.context.support.DirtiesContextBeforeModesTestExecutionListener@419c5f1a, org.springframework.test.context.support.DependencyInjectionTestExecutionListener@12b0404f, org.springframework.test.context.support.DirtiesContextTestExecutionListener@769e7ee8, org.springframework.test.context.transaction.TransactionalTestExecutionListener@5276e6b0, org.springframework.test.context.jdbc.SqlScriptsTestExecutionListener@71b1176b]
2019-01-31 00:21:32,309 INFO [org.springframework.beans.factory.xml.XmlBeanDefinitionReader] - Loading XML bean definitions from class path resource [spring-context.xml]
2019-01-31 00:21:32,571 INFO [org.springframework.beans.factory.xml.XmlBeanDefinitionReader] - Loading XML bean definitions from class path resource [spring-context-druid.xml]
2019-01-31 00:21:32,638 INFO [org.springframework.beans.factory.xml.XmlBeanDefinitionReader] - Loading XML bean definitions from class path resource [spring-context-mybatis.xml]
2019-01-31 00:21:32,673 INFO [org.springframework.context.support.GenericApplicationContext] - Refreshing org.springframework.context.support.GenericApplicationContext@2f7298b: startup date [Thu Jan 31 00:21:32 CST 2019]; root of context hierarchy
2019-01-31 00:21:33,636 INFO [com.alibaba.druid.pool.DruidDataSource] - {dataSource-1} inited
2019-01-31 00:21:34,088 INFO [org.springframework.context.support.GenericApplicationContext] - Closing org.springframework.context.support.GenericApplicationContext@2f7298b: startup date [Thu Jan 31 00:21:32 CST 2019]; root of context hierarchy
2019-01-31 00:21:34,096 INFO [com.alibaba.druid.pool.DruidDataSource] - {dataSource-1} closed
2019-01-31 09:10:16,880 INFO [org.springframework.test.context.support.DefaultTestContextBootstrapper] - Loaded default TestExecutionListener class names from location [META-INF/spring.factories]: [org.springframework.test.context.web.ServletTestExecutionListener, org.springframework.test.context.support.DirtiesContextBeforeModesTestExecutionListener, org.springframework.test.context.support.DependencyInjectionTestExecutionListener, org.springframework.test.context.support.DirtiesContextTestExecutionListener, org.springframework.test.context.transaction.TransactionalTestExecutionListener, org.springframework.test.context.jdbc.SqlScriptsTestExecutionListener]
2019-01-31 09:10:16,897 INFO [org.springframework.test.context.support.DefaultTestContextBootstrapper] - Using TestExecutionListeners: [org.springframework.test.context.web.ServletTestExecutionListener@56de5251, org.springframework.test.context.support.DirtiesContextBeforeModesTestExecutionListener@419c5f1a, org.springframework.test.context.support.DependencyInjectionTestExecutionListener@12b0404f, org.springframework.test.context.support.DirtiesContextTestExecutionListener@769e7ee8, org.springframework.test.context.transaction.TransactionalTestExecutionListener@5276e6b0, org.springframework.test.context.jdbc.SqlScriptsTestExecutionListener@71b1176b]
2019-01-31 09:10:16,978 INFO [org.springframework.beans.factory.xml.XmlBeanDefinitionReader] - Loading XML bean definitions from class path resource [spring-context.xml]
2019-01-31 09:10:17,254 INFO [org.springframework.beans.factory.xml.XmlBeanDefinitionReader] - Loading XML bean definitions from class path resource [spring-context-druid.xml]
2019-01-31 09:10:17,304 INFO [org.springframework.beans.factory.xml.XmlBeanDefinitionReader] - Loading XML bean definitions from class path resource [spring-context-mybatis.xml]
2019-01-31 09:10:17,332 INFO [org.springframework.context.support.GenericApplicationContext] - Refreshing org.springframework.context.support.GenericApplicationContext@2f7298b: startup date [Thu Jan 31 09:10:17 CST 2019]; root of context hierarchy
2019-01-31 09:10:18,218 INFO [com.alibaba.druid.pool.DruidDataSource] - {dataSource-1} inited
2019-01-31 09:10:18,619 INFO [org.springframework.context.support.GenericApplicationContext] - Closing org.springframework.context.support.GenericApplicationContext@2f7298b: startup date [Thu Jan 31 09:10:17 CST 2019]; root of context hierarchy
2019-01-31 09:10:18,624 INFO [com.alibaba.druid.pool.DruidDataSource] - {dataSource-1} closed
2019-01-31 09:29:19,209 INFO [org.springframework.test.context.support.DefaultTestContextBootstrapper] - Loaded default TestExecutionListener class names from location [META-INF/spring.factories]: [org.springframework.test.context.web.ServletTestExecutionListener, org.springframework.test.context.support.DirtiesContextBeforeModesTestExecutionListener, org.springframework.test.context.support.DependencyInjectionTestExecutionListener, org.springframework.test.context.support.DirtiesContextTestExecutionListener, org.springframework.test.context.transaction.TransactionalTestExecutionListener, org.springframework.test.context.jdbc.SqlScriptsTestExecutionListener]
2019-01-31 09:29:19,227 INFO [org.springframework.test.context.support.DefaultTestContextBootstrapper] - Using TestExecutionListeners: [org.springframework.test.context.web.ServletTestExecutionListener@56de5251, org.springframework.test.context.support.DirtiesContextBeforeModesTestExecutionListener@419c5f1a, org.springframework.test.context.support.DependencyInjectionTestExecutionListener@12b0404f, org.springframework.test.context.support.DirtiesContextTestExecutionListener@769e7ee8, org.springframework.test.context.transaction.TransactionalTestExecutionListener@5276e6b0, org.springframework.test.context.jdbc.SqlScriptsTestExecutionListener@71b1176b]
2019-01-31 09:29:34,817 INFO [org.springframework.test.context.support.DefaultTestContextBootstrapper] - Loaded default TestExecutionListener class names from location [META-INF/spring.factories]: [org.springframework.test.context.web.ServletTestExecutionListener, org.springframework.test.context.support.DirtiesContextBeforeModesTestExecutionListener, org.springframework.test.context.support.DependencyInjectionTestExecutionListener, org.springframework.test.context.support.DirtiesContextTestExecutionListener, org.springframework.test.context.transaction.TransactionalTestExecutionListener, org.springframework.test.context.jdbc.SqlScriptsTestExecutionListener]
2019-01-31 09:29:34,835 INFO [org.springframework.test.context.support.DefaultTestContextBootstrapper] - Using TestExecutionListeners: [org.springframework.test.context.web.ServletTestExecutionListener@56de5251, org.springframework.test.context.support.DirtiesContextBeforeModesTestExecutionListener@419c5f1a, org.springframework.test.context.support.DependencyInjectionTestExecutionListener@12b0404f, org.springframework.test.context.support.DirtiesContextTestExecutionListener@769e7ee8, org.springframework.test.context.transaction.TransactionalTestExecutionListener@5276e6b0, org.springframework.test.context.jdbc.SqlScriptsTestExecutionListener@71b1176b]
2019-01-31 09:29:34,925 INFO [org.springframework.beans.factory.xml.XmlBeanDefinitionReader] - Loading XML bean definitions from class path resource [spring-context.xml]
2019-01-31 09:29:35,183 INFO [org.springframework.beans.factory.xml.XmlBeanDefinitionReader] - Loading XML bean definitions from class path resource [spring-context-druid.xml]
2019-01-31 09:29:35,232 INFO [org.springframework.beans.factory.xml.XmlBeanDefinitionReader] - Loading XML bean definitions from class path resource [spring-context-mybatis.xml]
2019-01-31 09:29:35,265 INFO [org.springframework.context.support.GenericApplicationContext] - Refreshing org.springframework.context.support.GenericApplicationContext@2f7298b: startup date [Thu Jan 31 09:29:35 CST 2019]; root of context hierarchy
2019-01-31 09:29:36,272 INFO [com.alibaba.druid.pool.DruidDataSource] - {dataSource-1} inited
2019-01-31 09:29:36,623 INFO [org.springframework.context.support.GenericApplicationContext] - Closing org.springframework.context.support.GenericApplicationContext@2f7298b: startup date [Thu Jan 31 09:29:35 CST 2019]; root of context hierarchy
2019-01-31 09:29:36,635 INFO [com.alibaba.druid.pool.DruidDataSource] - {dataSource-1} closed
2019-01-31 09:30:17,658 INFO [org.springframework.test.context.support.DefaultTestContextBootstrapper] - Loaded default TestExecutionListener class names from location [META-INF/spring.factories]: [org.springframework.test.context.web.ServletTestExecutionListener, org.springframework.test.context.support.DirtiesContextBeforeModesTestExecutionListener, org.springframework.test.context.support.DependencyInjectionTestExecutionListener, org.springframework.test.context.support.DirtiesContextTestExecutionListener, org.springframework.test.context.transaction.TransactionalTestExecutionListener, org.springframework.test.context.jdbc.SqlScriptsTestExecutionListener]
2019-01-31 09:30:17,676 INFO [org.springframework.test.context.support.DefaultTestContextBootstrapper] - Using TestExecutionListeners: [org.springframework.test.context.web.ServletTestExecutionListener@56de5251, org.springframework.test.context.support.DirtiesContextBeforeModesTestExecutionListener@419c5f1a, org.springframework.test.context.support.DependencyInjectionTestExecutionListener@12b0404f, org.springframework.test.context.support.DirtiesContextTestExecutionListener@769e7ee8, org.springframework.test.context.transaction.TransactionalTestExecutionListener@5276e6b0, org.springframework.test.context.jdbc.SqlScriptsTestExecutionListener@71b1176b]
2019-01-31 09:30:17,761 INFO [org.springframework.beans.factory.xml.XmlBeanDefinitionReader] - Loading XML bean definitions from class path resource [spring-context.xml]
2019-01-31 09:30:17,998 INFO [org.springframework.beans.factory.xml.XmlBeanDefinitionReader] - Loading XML bean definitions from class path resource [spring-context-druid.xml]
2019-01-31 09:30:18,049 INFO [org.springframework.beans.factory.xml.XmlBeanDefinitionReader] - Loading XML bean definitions from class path resource [spring-context-mybatis.xml]
2019-01-31 09:30:18,077 INFO [org.springframework.context.support.GenericApplicationContext] - Refreshing org.springframework.context.support.GenericApplicationContext@2f7298b: startup date [Thu Jan 31 09:30:18 CST 2019]; root of context hierarchy
2019-01-31 09:30:19,055 INFO [com.alibaba.druid.pool.DruidDataSource] - {dataSource-1} inited
2019-01-31 09:30:19,431 INFO [org.springframework.context.support.GenericApplicationContext] - Closing org.springframework.context.support.GenericApplicationContext@2f7298b: startup date [Thu Jan 31 09:30:18 CST 2019]; root of context hierarchy
2019-01-31 09:30:19,444 INFO [com.alibaba.druid.pool.DruidDataSource] - {dataSource-1} closed
